<?xml version="1.0" encoding="UTF-8"?>
<!-- Generated by org.testng.reporters.JUnitReportReporter -->
<testsuite hostname="DESKTOP-JTS5NQ3" failures="0" tests="1" name="testcases.TestCase_CreateUser2" time="0.000" errors="0" timestamp="27 Nov 2024 19:54:55 GMT" skipped="1">
  <testcase classname="testcases.TestCase_CreateUser2" name="testCreateUser" time="0.000">
    <skipped/>
  </testcase> <!-- testCreateUser -->
</testsuite> <!-- testcases.TestCase_CreateUser2 -->
